Looking for git in: git
Using git 2.29.2 from git
> git rev-parse --git-dir
Open repository: /home/jf/projects/LTO
> git status -z -u
> git symbolic-ref --short HEAD
> git rev-parse develop
> git rev-parse --symbolic-full-name develop@{u}
> git rev-list --left-right develop...refs/remotes/origin/develop
> git for-each-ref --sort -committerdate --format %(refname) %(objectname)
> git remote --verbose
> git config --get commit.template
> git show --textconv :LTO.UI.SeasonalWork/src/middleware.ts
> git ls-files --stage -- /home/jf/projects/LTO/LTO.UI.SeasonalWork/src/middleware.ts
> git cat-file -s acdf859fc25ae81f96b0a6d6691dbd6bf9cae9f5
> git check-ignore -v -z --stdin
> git check-ignore -v -z --stdin
> git show --textconv :LTO.UI.SeasonalWork/src/api/apiClientInterceptor.ts
> git ls-files --stage -- /home/jf/projects/LTO/LTO.UI.SeasonalWork/src/api/apiClientInterceptor.ts
> git cat-file -s 7b7d32003934e557be5c06431cbfddf260545dc9
> git show --textconv :LTO.UI.SeasonalWork/src/components/compare/Compare.vue
> git ls-files --stage -- /home/jf/projects/LTO/LTO.UI.SeasonalWork/src/components/compare/Compare.vue
> git cat-file -s 63babe40a6431d23360328f729af3719051dd905
> git check-ignore -v -z --stdin
> git show --textconv :LTO.UI.SeasonalWork/src/components/compare/Compare.vue
> git ls-files --stage -- /home/jf/projects/LTO/LTO.UI.SeasonalWork/src/components/compare/Compare.vue
> git cat-file -s 63babe40a6431d23360328f729af3719051dd905
> git show --textconv :LTO.UI.SeasonalWork/.env
> git ls-files --stage -- /home/jf/projects/LTO/LTO.UI.SeasonalWork/.env
> git show --textconv :LTO.UI.SeasonalWork/src/components/compare/Compare.vue
> git ls-files --stage -- /home/jf/projects/LTO/LTO.UI.SeasonalWork/src/components/compare/Compare.vue
> git cat-file -s 63babe40a6431d23360328f729af3719051dd905
> git show --textconv :LTO.UI.SeasonalWork/src/components/compare/Compare.scss
> git ls-files --stage -- /home/jf/projects/LTO/LTO.UI.SeasonalWork/src/components/compare/Compare.scss
> git cat-file -s b35be365d0d4d05834866ff415cf2762cdb9ee26
> git check-ignore -v -z --stdin
> git check-ignore -v -z --stdin
> git show --textconv :LTO.UI.SeasonalWork/src/components/checkbox/Checkbox.spec.ts
> git ls-files --stage -- /home/jf/projects/LTO/LTO.UI.SeasonalWork/src/components/checkbox/Checkbox.spec.ts
> git cat-file -s b9c0b6cd2364fcfb9ba06901b7c6830e4bc8b7d7
> git check-ignore -v -z --stdin
> git status -z -u
> git symbolic-ref --short HEAD
> git rev-parse develop
> git rev-parse --symbolic-full-name develop@{u}
> git rev-list --left-right develop...refs/remotes/origin/develop
> git for-each-ref --sort -committerdate --format %(refname) %(objectname)
> git remote --verbose
> git config --get commit.template
> git log --format=%H%n%aN%n%aE%n%at%n%ct%n%P%n%B -z -n21 -- /home/jf/projects/LTO/LTO.UI.SeasonalWork/src/components/checkbox/Checkbox.spec.ts
> git show --textconv :LTO.UI.SeasonalWork/src/components/compare/Compare.vue
> git ls-files --stage -- /home/jf/projects/LTO/LTO.UI.SeasonalWork/src/components/compare/Compare.vue
> git cat-file -s 63babe40a6431d23360328f729af3719051dd905
